Using pre-set license
Built from '2021.3/staging' branch; Version is '2021.3.4f1 (cb45f9cae8b7) revision 13321721'; Using compiler version '192829333'; Build Type 'Release'
OS: 'Windows 10  (10.0.19044) 64bit Professional' Language: 'pt' Physical Memory: 7907 MB
BatchMode: 1, IsHumanControllingUs: 0, StartBugReporterOnCrash: 0, Is64bit: 1, IsPro: 1

COMMAND LINE ARGUMENTS:
C:\Program Files\Unity\Hub\Editor\2021.3.4f1\Editor\Unity.exe
-adb2
-batchMode
-noUpm
-name
AssetImportWorker1
-projectPath
C:/Users/20182pf.cc0041/My project
-logFile
Logs/AssetImportWorker1.log
-srvPort
64022
Successfully changed project path to: C:/Users/20182pf.cc0041/My project
C:/Users/20182pf.cc0041/My project
[UnityMemory] Configuration Parameters - Can be set up in boot.config
    "memorysetup-bucket-allocator-granularity=16"
    "memorysetup-bucket-allocator-bucket-count=8"
    "memorysetup-bucket-allocator-block-size=33554432"
    "memorysetup-bucket-allocator-block-count=8"
    "memorysetup-main-allocator-block-size=16777216"
    "memorysetup-thread-allocator-block-size=16777216"
    "memorysetup-gfx-main-allocator-block-size=16777216"
    "memorysetup-gfx-thread-allocator-block-size=16777216"
    "memorysetup-cache-allocator-block-size=4194304"
    "memorysetup-typetree-allocator-block-size=2097152"
    "memorysetup-profiler-bucket-allocator-granularity=16"
    "memorysetup-profiler-bucket-allocator-bucket-count=8"
    "memorysetup-profiler-bucket-allocator-block-size=33554432"
    "memorysetup-profiler-bucket-allocator-block-count=8"
    "memorysetup-profiler-allocator-block-size=16777216"
    "memorysetup-profiler-editor-allocator-block-size=1048576"
    "memorysetup-temp-allocator-size-main=16777216"
    "memorysetup-job-temp-allocator-block-size=2097152"
    "memorysetup-job-temp-allocator-block-size-background=1048576"
    "memorysetup-job-temp-allocator-reduction-small-platforms=262144"
    "memorysetup-temp-allocator-size-background-worker=32768"
    "memorysetup-temp-allocator-size-job-worker=262144"
    "memorysetup-temp-allocator-size-preload-manager=33554432"
    "memorysetup-temp-allocator-size-nav-mesh-worker=65536"
    "memorysetup-temp-allocator-size-audio-worker=65536"
    "memorysetup-temp-allocator-size-cloud-worker=32768"
    "memorysetup-temp-allocator-size-gi-baking-worker=262144"
    "memorysetup-temp-allocator-size-gfx=262144"
Refreshing native plugins compatible for Editor in 442.50 ms, found 3 plugins.
Preloading 0 native plugins for Editor in 0.00 ms.
Initialize engine version: 2021.3.4f1 (cb45f9cae8b7)
[Subsystems] Discovering subsystems at path C:/Program Files/Unity/Hub/Editor/2021.3.4f1/Editor/Data/Resources/UnitySubsystems
[Subsystems] Discovering subsystems at path C:/Users/20182pf.cc0041/My project/Assets
GfxDevice: creating device client; threaded=0; jobified=0
Direct3D:
    Version:  Direct3D 11.0 [level 11.1]
    Renderer: Intel(R) UHD Graphics 630 (ID=0x9bc8)
    Vendor:   Intel
    VRAM:     3953 MB
    Driver:   27.20.100.9664
Initialize mono
Mono path[0] = 'C:/Program Files/Unity/Hub/Editor/2021.3.4f1/Editor/Data/Managed'
Mono path[1] = 'C:/Program Files/Unity/Hub/Editor/2021.3.4f1/Editor/Data/MonoBleedingEdge/lib/mono/unityjit-win32'
Mono config path = 'C:/Program Files/Unity/Hub/Editor/2021.3.4f1/Editor/Data/MonoBleedingEdge/etc'
Using monoOptions --debugger-agent=transport=dt_socket,embedding=1,server=y,suspend=n,address=127.0.0.1:56320
Begin MonoManager ReloadAssembly
Registering precompiled unity dll's ...
Register platform support module: C:/Program Files/Unity/Hub/Editor/2021.3.4f1/Editor/Data/PlaybackEngines/WindowsStandaloneSupport/UnityEditor.WindowsStandalone.Extensions.dll
Registered in 0.006977 seconds.
Native extension for WindowsStandalone target not found
Refreshing native plugins compatible for Editor in 94.73 ms, found 3 plugins.
Preloading 0 native plugins for Editor in 0.00 ms.
Mono: successfully reloaded assembly
- Completed reload, in  0.698 seconds
Domain Reload Profiling:
	ReloadAssembly (698ms)
		BeginReloadAssembly (112ms)
			ExecutionOrderSort (0ms)
			DisableScriptedObjects (0ms)
			BackupInstance (0ms)
			ReleaseScriptingObjects (0ms)
			CreateAndSetChildDomain (1ms)
		EndReloadAssembly (468ms)
			LoadAssemblies (109ms)
			RebuildTransferFunctionScriptingTraits (1ms)
			SetupTypeCache (108ms)
			ReleaseScriptCaches (0ms)
			RebuildScriptCaches (26ms)
			SetupLoadedEditorAssemblies (278ms)
				LogAssemblyErrors (0ms)
				InitializePlatformSupportModulesInManaged (8ms)
				SetLoadedEditorAssemblies (0ms)
				RefreshPlugins (95ms)
				BeforeProcessingInitializeOnLoad (1ms)
				ProcessInitializeOnLoadAttributes (123ms)
				ProcessInitializeOnLoadMethodAttributes (51ms)
				AfterProcessingInitializeOnLoad (0ms)
				EditorAssembliesLoaded (0ms)
			ExecutionOrderSort2 (0ms)
			AwakeInstancesAfterBackupRestoration (0ms)
Platform modules already initialized, skipping
Registering precompiled user dll's ...
Registered in 0.490602 seconds.
Begin MonoManager ReloadAssembly
Symbol file LoadedFromMemory doesn't match image C:\Users\20182pf.cc0041\My project\Library\PackageCache\com.unity.visualscripting@1.7.8\Editor\VisualScripting.Core\Dependencies\YamlDotNet\Unity.VisualScripting.YamlDotNet.dll
Symbol file LoadedFromMemory doesn't match image C:\Users\20182pf.cc0041\My project\Library\PackageCache\com.unity.visualscripting@1.7.8\Editor\VisualScripting.Core\Dependencies\DotNetZip\Unity.VisualScripting.IonicZip.dll
Native extension for WindowsStandalone target not found
Refreshing native plugins compatible for Editor in 0.72 ms, found 3 plugins.
Preloading 0 native plugins for Editor in 0.00 ms.
Mono: successfully reloaded assembly
- Completed reload, in  1.204 seconds
Domain Reload Profiling:
	ReloadAssembly (1205ms)
		BeginReloadAssembly (113ms)
			ExecutionOrderSort (0ms)
			DisableScriptedObjects (5ms)
			BackupInstance (0ms)
			ReleaseScriptingObjects (0ms)
			CreateAndSetChildDomain (18ms)
		EndReloadAssembly (969ms)
			LoadAssemblies (123ms)
			RebuildTransferFunctionScriptingTraits (0ms)
			SetupTypeCache (376ms)
			ReleaseScriptCaches (1ms)
			RebuildScriptCaches (56ms)
			SetupLoadedEditorAssemblies (375ms)
				LogAssemblyErrors (0ms)
				InitializePlatformSupportModulesInManaged (6ms)
				SetLoadedEditorAssemblies (1ms)
				RefreshPlugins (1ms)
				BeforeProcessingInitializeOnLoad (97ms)
				ProcessInitializeOnLoadAttributes (233ms)
				ProcessInitializeOnLoadMethodAttributes (30ms)
				AfterProcessingInitializeOnLoad (7ms)
				EditorAssembliesLoaded (0ms)
			ExecutionOrderSort2 (0ms)
			AwakeInstancesAfterBackupRestoration (5ms)
Platform modules already initialized, skipping
========================================================================
Worker process is ready to serve import requests
Launched and connected shader compiler UnityShaderCompiler.exe after 0.05 seconds
Refreshing native plugins compatible for Editor in 0.54 ms, found 3 plugins.
Preloading 0 native plugins for Editor in 0.00 ms.
Unloading 3368 Unused Serialized files (Serialized files now loaded: 0)
Unloading 27 unused Assets / (110.9 KB). Loaded Objects now: 3824.
Memory consumption went from 115.8 MB to 115.7 MB.
Total: 3.017400 ms (FindLiveObjects: 0.276400 ms CreateObjectMapping: 0.224100 ms MarkObjects: 2.429200 ms  DeleteObjects: 0.086500 ms)

AssetImportParameters requested are different than current active one (requested -> active):
  custom:video-decoder-ogg-theora: a1e56fd34408186e4bbccfd4996cb3dc -> 
  custom:container-muxer-webm: aa71ff27fc2769a1b78a27578f13a17b -> 
  custom:container-demuxer-webm: 4f35f7cbe854078d1ac9338744f61a02 -> 
  custom:video-encoder-webm-vp8: eb34c28f22e8b96e1ab97ce403110664 -> 
  custom:video-codec-MediaFoundation-h265: 746d11721c4dcdbdad8f713fa42b33f4 -> 
  custom:audio-encoder-webm-vorbis: bf7c407c2cedff20999df2af8eb42d56 -> 
  custom:framework-win-MediaFoundation: 216162199b28c13a410421893ffa2e32 -> 
  custom:container-demuxer-ogg: 62fdf1f143b41e24485cea50d1cbac27 -> 
  custom:video-decoder-webm-vp8: 9c59270c3fd7afecdb556c50c9e8de78 -> 
  custom:audio-decoder-ogg-vorbis: bf7c407c2cedff20999df2af8eb42d56 -> 
========================================================================
Received Import Request.
  Time since last request: 89380.015060 seconds.
  path: Assets
  artifactKey: Guid(00000000000000001000000000000000) Importer(815301076,1909f56bfc062723c751e8b465ee728b)
Start importing Assets using Guid(00000000000000001000000000000000) Importer(815301076,1909f56bfc062723c751e8b465ee728b)  -> (artifact id: '79842766b460edbeab6a34051e857a80') in 0.010367 seconds 
========================================================================
Received Import Request.
  Time since last request: 63.791987 seconds.
  path: Assets/Scenes/capacete.jpg
  artifactKey: Guid(413db4e248ce0664cb1bf228e5a9a020) Importer(815301076,1909f56bfc062723c751e8b465ee728b)
Start importing Assets/Scenes/capacete.jpg using Guid(413db4e248ce0664cb1bf228e5a9a020) Importer(815301076,1909f56bfc062723c751e8b465ee728b)  -> (artifact id: 'e0c522d3b8e44dcafd9a2ce1faaad05b') in 0.114067 seconds 
========================================================================
Received Import Request.
  Time since last request: 0.000034 seconds.
  path: Assets/Scenes/tijolo.jpg
  artifactKey: Guid(491c0cafc70e6f3488ed92a316cffbfb) Importer(815301076,1909f56bfc062723c751e8b465ee728b)
Start importing Assets/Scenes/tijolo.jpg using Guid(491c0cafc70e6f3488ed92a316cffbfb) Importer(815301076,1909f56bfc062723c751e8b465ee728b)  -> (artifact id: 'd6a50d90bab31abade7b953c61bdfc33') in 0.020411 seconds 
========================================================================
Received Import Request.
  Time since last request: 0.000103 seconds.
  path: Assets/Scenes/mesa.jpg
  artifactKey: Guid(157a0095658559448bfb84deb3d01129) Importer(815301076,1909f56bfc062723c751e8b465ee728b)
Start importing Assets/Scenes/mesa.jpg using Guid(157a0095658559448bfb84deb3d01129) Importer(815301076,1909f56bfc062723c751e8b465ee728b)  -> (artifact id: '048e9daf5f2c09c111ad968daa58295f') in 0.031833 seconds 
========================================================================
Received Import Request.
  Time since last request: 0.000041 seconds.
  path: Assets/Scenes/forro.tif
  artifactKey: Guid(a897cbbcf598e1a439a3cbd54a29bc2d) Importer(815301076,1909f56bfc062723c751e8b465ee728b)
Start importing Assets/Scenes/forro.tif using Guid(a897cbbcf598e1a439a3cbd54a29bc2d) Importer(815301076,1909f56bfc062723c751e8b465ee728b)  -> (artifact id: 'ef8e5b9af63bb9a421051abd6cda7b33') in 0.036228 seconds 
========================================================================
Received Import Request.
  Time since last request: 0.000124 seconds.
  path: Assets/Scenes/TexturesCom_Wood_ParquetStrip7_512_albedo.tif
  artifactKey: Guid(c187ae636be610a4bb37bc677b8ab9d5) Importer(815301076,1909f56bfc062723c751e8b465ee728b)
Start importing Assets/Scenes/TexturesCom_Wood_ParquetStrip7_512_albedo.tif using Guid(c187ae636be610a4bb37bc677b8ab9d5) Importer(815301076,1909f56bfc062723c751e8b465ee728b)  -> (artifact id: 'de74c5512a9563938b562a5ee05b6720') in 0.022202 seconds 
========================================================================
Received Import Request.
  Time since last request: 0.000022 seconds.
  path: Assets/Scenes/plantaCasa.jpg
  artifactKey: Guid(e4b3e2fae4a0f864886800159a0c282e) Importer(815301076,1909f56bfc062723c751e8b465ee728b)
Start importing Assets/Scenes/plantaCasa.jpg using Guid(e4b3e2fae4a0f864886800159a0c282e) Importer(815301076,1909f56bfc062723c751e8b465ee728b)  -> (artifact id: '0b28875d8120dd9a73daed5ee360eaaf') in 0.011263 seconds 
========================================================================
Received Import Request.
  Time since last request: 0.000024 seconds.
  path: Assets/Scenes/muroObra.jpg
  artifactKey: Guid(ab7906ca6a8fbfd40ab3cca5dff2d95e) Importer(815301076,1909f56bfc062723c751e8b465ee728b)
Start importing Assets/Scenes/muroObra.jpg using Guid(ab7906ca6a8fbfd40ab3cca5dff2d95e) Importer(815301076,1909f56bfc062723c751e8b465ee728b)  -> (artifact id: '21f18efd71e3d30f93ddec7eb1245fd1') in 0.011799 seconds 
========================================================================
Received Import Request.
  Time since last request: 0.000042 seconds.
  path: Assets/Scenes/porta.jpg
  artifactKey: Guid(77b0287cd79ca214db163a6779d2c6c6) Importer(815301076,1909f56bfc062723c751e8b465ee728b)
Start importing Assets/Scenes/porta.jpg using Guid(77b0287cd79ca214db163a6779d2c6c6) Importer(815301076,1909f56bfc062723c751e8b465ee728b)  -> (artifact id: 'f0944a98a57d1d48e0e2de9daf0fda86') in 0.021407 seconds 
========================================================================
Received Import Request.
  Time since last request: 0.000019 seconds.
  path: Assets/Scenes/telhado.tif
  artifactKey: Guid(2a1780cbd84b8be459c9cbcd6869be12) Importer(815301076,1909f56bfc062723c751e8b465ee728b)
Start importing Assets/Scenes/telhado.tif using Guid(2a1780cbd84b8be459c9cbcd6869be12) Importer(815301076,1909f56bfc062723c751e8b465ee728b)  -> (artifact id: '3e6791dbbcbb2550076e4c9b42f7c708') in 0.012948 seconds 
========================================================================
Received Import Request.
  Time since last request: 0.000028 seconds.
  path: Assets/Scenes/portaGaragem.jpg
  artifactKey: Guid(fb23006016e9baa4b8f96197854a039c) Importer(815301076,1909f56bfc062723c751e8b465ee728b)
Start importing Assets/Scenes/portaGaragem.jpg using Guid(fb23006016e9baa4b8f96197854a039c) Importer(815301076,1909f56bfc062723c751e8b465ee728b)  -> (artifact id: '3655bacd38a8b23c241756c0a5109be2') in 0.044210 seconds 
========================================================================
Received Import Request.
  Time since last request: 0.000028 seconds.
  path: Assets/Scenes/prata.jpg
  artifactKey: Guid(3320b5fca5a74e344aed0e3814b8d2d0) Importer(815301076,1909f56bfc062723c751e8b465ee728b)
Start importing Assets/Scenes/prata.jpg using Guid(3320b5fca5a74e344aed0e3814b8d2d0) Importer(815301076,1909f56bfc062723c751e8b465ee728b)  -> (artifact id: '7d22e2a969b594efeb858c2468db2614') in 0.011902 seconds 
========================================================================
Received Import Request.
  Time since last request: 0.000021 seconds.
  path: Assets/Scenes/TexturesCom_ConcreteFloors0078_2_M.jpg
  artifactKey: Guid(f109c819ae13f8d4abf4c52eed938c43) Importer(815301076,1909f56bfc062723c751e8b465ee728b)
Start importing Assets/Scenes/TexturesCom_ConcreteFloors0078_2_M.jpg using Guid(f109c819ae13f8d4abf4c52eed938c43) Importer(815301076,1909f56bfc062723c751e8b465ee728b)  -> (artifact id: 'd8927a6ef5ec68dcc522e5d8f518f8fc') in 0.014302 seconds 
